INFO cde.ca.gov-ethnicity_gender ---- Cleaning ---
INFO cde.ca.gov-ethnicity_gender Removing /home/roman/ambry/source/cde.ca.gov/fitness/build/cde.ca.gov/ethnicity_gender-0.0.1
INFO cde.ca.gov-ethnicity_gender Removing /home/roman/ambry/source/cde.ca.gov/fitness/build/cde.ca.gov/ethnicity_gender-0.0.1.db-wal
INFO cde.ca.gov-ethnicity_gender Removing /home/roman/ambry/source/cde.ca.gov/fitness/build/cde.ca.gov/ethnicity_gender-0.0.1.db-shm
INFO cde.ca.gov-ethnicity_gender Removing /home/roman/ambry/source/cde.ca.gov/fitness/build/cde.ca.gov/ethnicity_gender-0.0.1.log
INFO cde.ca.gov-ethnicity_gender ---- Pre-Prepare ----
INFO cde.ca.gov-ethnicity_gender Loading meta/sources.csv into meta/build.yaml 
INFO cde.ca.gov-ethnicity_gender ---- Preparing ----
INFO cde.ca.gov-ethnicity_gender Creating bundle database
INFO cde.ca.gov-ethnicity_gender Loading meta/build.yaml into meta/sources.csv 
INFO cde.ca.gov-ethnicity_gender Loading schema from file: /home/roman/ambry/source/cde.ca.gov/fitness/meta/schema.csv
INFO cde.ca.gov-ethnicity_gender Add schema table: subgroup07: 67/s 0K 
INFO cde.ca.gov-ethnicity_gender Add schema table: subgroup99: 70/s 0K 
INFO cde.ca.gov-ethnicity_gender ---- Done Preparing ----
INFO cde.ca.gov-ethnicity_gender ---- Build ---
INFO cde.ca.gov-ethnicity_gender Loading source 'subgroup14' into partition 'cde.ca.gov-ethnicity_gender-subgroup14'
WARNING cde.ca.gov-ethnicity_gender Header column 'Level_Number' not in table subgroup14 for  source subgroup14
WARNING cde.ca.gov-ethnicity_gender Header column 'Report_Number' not in table subgroup14 for  source subgroup14
WARNING cde.ca.gov-ethnicity_gender Header column 'Table_Number' not in table subgroup14 for  source subgroup14
WARNING cde.ca.gov-ethnicity_gender Header column 'Line_Number' not in table subgroup14 for  source subgroup14
WARNING cde.ca.gov-ethnicity_gender Header column 'Line_Text' not in table subgroup14 for  source subgroup14
WARNING cde.ca.gov-ethnicity_gender Header column 'Table_Type' not in table subgroup14 for  source subgroup14
WARNING cde.ca.gov-ethnicity_gender Header column 'Subgroup' not in table subgroup14 for  source subgroup14
INFO cde.ca.gov-ethnicity_gender cde.ca.gov-ethnicity_gender-subgroup14: 640/s 0K 
INFO cde.ca.gov-ethnicity_gender Updating schema column length subgroup14.level_number None -> 1
INFO cde.ca.gov-ethnicity_gender Updating schema column length subgroup14.report_number None -> 2
INFO cde.ca.gov-ethnicity_gender Updating schema column length subgroup14.table_number None -> 1
INFO cde.ca.gov-ethnicity_gender Updating schema column length subgroup14.line_number None -> 1
INFO cde.ca.gov-ethnicity_gender Loading source 'subgroup12' into partition 'cde.ca.gov-ethnicity_gender-subgroup12'
WARNING cde.ca.gov-ethnicity_gender Header column 'Level_Number' not in table subgroup12 for  source subgroup12
WARNING cde.ca.gov-ethnicity_gender Header column 'Report_Number' not in table subgroup12 for  source subgroup12
WARNING cde.ca.gov-ethnicity_gender Header column 'Table_Number' not in table subgroup12 for  source subgroup12
WARNING cde.ca.gov-ethnicity_gender Header column 'Line_Number' not in table subgroup12 for  source subgroup12
WARNING cde.ca.gov-ethnicity_gender Header column 'Line_Text' not in table subgroup12 for  source subgroup12
WARNING cde.ca.gov-ethnicity_gender Header column 'Table_Type' not in table subgroup12 for  source subgroup12
WARNING cde.ca.gov-ethnicity_gender Header column 'Subgroup' not in table subgroup12 for  source subgroup12
INFO cde.ca.gov-ethnicity_gender cde.ca.gov-ethnicity_gender-subgroup12: 676/s 0K 
INFO cde.ca.gov-ethnicity_gender Updating schema column length subgroup12.level_number None -> 1
INFO cde.ca.gov-ethnicity_gender Updating schema column length subgroup12.report_number None -> 2
INFO cde.ca.gov-ethnicity_gender Updating schema column length subgroup12.table_number None -> 1
INFO cde.ca.gov-ethnicity_gender Updating schema column length subgroup12.line_number None -> 1
INFO cde.ca.gov-ethnicity_gender Loading source 'subgroup13' into partition 'cde.ca.gov-ethnicity_gender-subgroup13'
WARNING cde.ca.gov-ethnicity_gender Header column 'Level_Number' not in table subgroup13 for  source subgroup13
WARNING cde.ca.gov-ethnicity_gender Header column 'Report_Number' not in table subgroup13 for  source subgroup13
WARNING cde.ca.gov-ethnicity_gender Header column 'Table_Number' not in table subgroup13 for  source subgroup13
WARNING cde.ca.gov-ethnicity_gender Header column 'Line_Number' not in table subgroup13 for  source subgroup13
WARNING cde.ca.gov-ethnicity_gender Header column 'Line_Text' not in table subgroup13 for  source subgroup13
WARNING cde.ca.gov-ethnicity_gender Header column 'Table_Type' not in table subgroup13 for  source subgroup13
WARNING cde.ca.gov-ethnicity_gender Header column 'Subgroup' not in table subgroup13 for  source subgroup13
INFO cde.ca.gov-ethnicity_gender cde.ca.gov-ethnicity_gender-subgroup13: 650/s 0K 
INFO cde.ca.gov-ethnicity_gender Updating schema column length subgroup13.level_number None -> 1
INFO cde.ca.gov-ethnicity_gender Updating schema column length subgroup13.report_number None -> 2
INFO cde.ca.gov-ethnicity_gender Updating schema column length subgroup13.table_number None -> 1
INFO cde.ca.gov-ethnicity_gender Updating schema column length subgroup13.line_number None -> 1
INFO cde.ca.gov-ethnicity_gender Loading source 'subgroup10' into partition 'cde.ca.gov-ethnicity_gender-subgroup10'
WARNING cde.ca.gov-ethnicity_gender Header column 'SubGrp' not in table subgroup10 for  source subgroup10
WARNING cde.ca.gov-ethnicity_gender Header column 'RptType' not in table subgroup10 for  source subgroup10
WARNING cde.ca.gov-ethnicity_gender Header column 'LineNum' not in table subgroup10 for  source subgroup10
WARNING cde.ca.gov-ethnicity_gender Header column 'SubGroup' not in table subgroup10 for  source subgroup10
WARNING cde.ca.gov-ethnicity_gender Header column 'ReportType' not in table subgroup10 for  source subgroup10
INFO cde.ca.gov-ethnicity_gender cde.ca.gov-ethnicity_gender-subgroup10: 758/s 0K 
INFO cde.ca.gov-ethnicity_gender Updating schema column length subgroup10.subgrp None -> 2
INFO cde.ca.gov-ethnicity_gender Updating schema column length subgroup10.rpttype None -> 1
INFO cde.ca.gov-ethnicity_gender Updating schema column length subgroup10.linenum None -> 2
INFO cde.ca.gov-ethnicity_gender Loading source 'subgroup11' into partition 'cde.ca.gov-ethnicity_gender-subgroup11'
WARNING cde.ca.gov-ethnicity_gender Header column 'Level_Number' not in table subgroup11 for  source subgroup11
WARNING cde.ca.gov-ethnicity_gender Header column 'Report_Number' not in table subgroup11 for  source subgroup11
WARNING cde.ca.gov-ethnicity_gender Header column 'Table_Number' not in table subgroup11 for  source subgroup11
WARNING cde.ca.gov-ethnicity_gender Header column 'Line_Number' not in table subgroup11 for  source subgroup11
WARNING cde.ca.gov-ethnicity_gender Header column 'Line_Text' not in table subgroup11 for  source subgroup11
WARNING cde.ca.gov-ethnicity_gender Header column 'Table_Type' not in table subgroup11 for  source subgroup11
WARNING cde.ca.gov-ethnicity_gender Header column 'Subgroup' not in table subgroup11 for  source subgroup11
INFO cde.ca.gov-ethnicity_gender cde.ca.gov-ethnicity_gender-subgroup11: 606/s 0K 
INFO cde.ca.gov-ethnicity_gender Updating schema column length subgroup11.level_number None -> 1
INFO cde.ca.gov-ethnicity_gender Updating schema column length subgroup11.report_number None -> 2
INFO cde.ca.gov-ethnicity_gender Updating schema column length subgroup11.table_number None -> 1
INFO cde.ca.gov-ethnicity_gender Updating schema column length subgroup11.line_number None -> 1
INFO cde.ca.gov-ethnicity_gender Loading source 'entities07' into partition 'cde.ca.gov-ethnicity_gender-entities07'
WARNING cde.ca.gov-ethnicity_gender Header column 'Ccode' not in table entities07 for  source entities07
WARNING cde.ca.gov-ethnicity_gender Header column 'Dcode' not in table entities07 for  source entities07
WARNING cde.ca.gov-ethnicity_gender Header column 'CharterNum' not in table entities07 for  source entities07
WARNING cde.ca.gov-ethnicity_gender Header column 'Scode' not in table entities07 for  source entities07
WARNING cde.ca.gov-ethnicity_gender Header column 'County' not in table entities07 for  source entities07
WARNING cde.ca.gov-ethnicity_gender Header column 'District' not in table entities07 for  source entities07
WARNING cde.ca.gov-ethnicity_gender Header column 'School' not in table entities07 for  source entities07
INFO cde.ca.gov-ethnicity_gender cde.ca.gov-ethnicity_gender-entities07: 646/s 0K 
INFO cde.ca.gov-ethnicity_gender cde.ca.gov-ethnicity_gender-entities07: 3212/s 1K 
INFO cde.ca.gov-ethnicity_gender Updating schema column length entities07.ccode None -> 2
INFO cde.ca.gov-ethnicity_gender Updating schema column length entities07.dcode None -> 5
INFO cde.ca.gov-ethnicity_gender Updating schema column length entities07.scode None -> 7
INFO cde.ca.gov-ethnicity_gender Updating schema column length entities07.cds_code None -> 14
INFO cde.ca.gov-ethnicity_gender Updating schema column datatype entities07.cds_code to integer64
INFO cde.ca.gov-ethnicity_gender Updating schema column length entities07.county 12 -> 30
INFO cde.ca.gov-ethnicity_gender Loading source 'entities06' into partition 'cde.ca.gov-ethnicity_gender-entities06'
WARNING cde.ca.gov-ethnicity_gender Header column 'Ccode' not in table entities06 for  source entities06
WARNING cde.ca.gov-ethnicity_gender Header column 'Dcode' not in table entities06 for  source entities06
WARNING cde.ca.gov-ethnicity_gender Header column 'CharterNum' not in table entities06 for  source entities06
WARNING cde.ca.gov-ethnicity_gender Header column 'Scode' not in table entities06 for  source entities06
WARNING cde.ca.gov-ethnicity_gender Header column 'County' not in table entities06 for  source entities06
WARNING cde.ca.gov-ethnicity_gender Header column 'District' not in table entities06 for  source entities06
WARNING cde.ca.gov-ethnicity_gender Header column 'School' not in table entities06 for  source entities06
INFO cde.ca.gov-ethnicity_gender cde.ca.gov-ethnicity_gender-entities06: 550/s 0K 
INFO cde.ca.gov-ethnicity_gender cde.ca.gov-ethnicity_gender-entities06: 3196/s 1K 
INFO cde.ca.gov-ethnicity_gender Updating schema column length entities06.ccode None -> 2
INFO cde.ca.gov-ethnicity_gender Updating schema column length entities06.dcode None -> 5
INFO cde.ca.gov-ethnicity_gender Updating schema column length entities06.scode None -> 7
INFO cde.ca.gov-ethnicity_gender Updating schema column length entities06.cds_code None -> 14
INFO cde.ca.gov-ethnicity_gender Updating schema column datatype entities06.cds_code to integer64
INFO cde.ca.gov-ethnicity_gender Updating schema column length entities06.county 12 -> 30
INFO cde.ca.gov-ethnicity_gender Loading source 'physfit13' into partition 'cde.ca.gov-ethnicity_gender-physfit13'
WARNING cde.ca.gov-ethnicity_gender Header column 'Level_Number' not in table physfit13 for  source physfit13
WARNING cde.ca.gov-ethnicity_gender Header column 'Report_Number' not in table physfit13 for  source physfit13
WARNING cde.ca.gov-ethnicity_gender Header column 'Table_Number' not in table physfit13 for  source physfit13
WARNING cde.ca.gov-ethnicity_gender Header column 'Line_Number' not in table physfit13 for  source physfit13
WARNING cde.ca.gov-ethnicity_gender Header column 'CO' not in table physfit13 for  source physfit13
WARNING cde.ca.gov-ethnicity_gender Header column 'DIST' not in table physfit13 for  source physfit13
WARNING cde.ca.gov-ethnicity_gender Header column 'SCHL' not in table physfit13 for  source physfit13
WARNING cde.ca.gov-ethnicity_gender Header column 'Line_Text' not in table physfit13 for  source physfit13
WARNING cde.ca.gov-ethnicity_gender Header column 'NoStud5' not in table physfit13 for  source physfit13
WARNING cde.ca.gov-ethnicity_gender Header column 'NoHFZ5' not in table physfit13 for  source physfit13
WARNING cde.ca.gov-ethnicity_gender Header column 'Perc5a' not in table physfit13 for  source physfit13
WARNING cde.ca.gov-ethnicity_gender Header column 'Perc5b' not in table physfit13 for  source physfit13
WARNING cde.ca.gov-ethnicity_gender Header column 'Perc5c' not in table physfit13 for  source physfit13
WARNING cde.ca.gov-ethnicity_gender Header column 'NoStud7' not in table physfit13 for  source physfit13
WARNING cde.ca.gov-ethnicity_gender Header column 'NoHFZ7' not in table physfit13 for  source physfit13
WARNING cde.ca.gov-ethnicity_gender Header column 'Perc7a' not in table physfit13 for  source physfit13
WARNING cde.ca.gov-ethnicity_gender Header column 'Perc7b' not in table physfit13 for  source physfit13
WARNING cde.ca.gov-ethnicity_gender Header column 'Perc7c' not in table physfit13 for  source physfit13
WARNING cde.ca.gov-ethnicity_gender Header column 'NoStud9' not in table physfit13 for  source physfit13
WARNING cde.ca.gov-ethnicity_gender Header column 'NoHFZ9' not in table physfit13 for  source physfit13
WARNING cde.ca.gov-ethnicity_gender Header column 'Perc9a' not in table physfit13 for  source physfit13
WARNING cde.ca.gov-ethnicity_gender Header column 'Perc9b' not in table physfit13 for  source physfit13
WARNING cde.ca.gov-ethnicity_gender Header column 'Perc9c' not in table physfit13 for  source physfit13
WARNING cde.ca.gov-ethnicity_gender Header column 'ChrtNum' not in table physfit13 for  source physfit13
INFO cde.ca.gov-ethnicity_gender cde.ca.gov-ethnicity_gender-physfit13: 289/s 0K 
INFO cde.ca.gov-ethnicity_gender cde.ca.gov-ethnicity_gender-physfit13: 2195/s 0K 
INFO cde.ca.gov-ethnicity_gender cde.ca.gov-ethnicity_gender-physfit13: 2864/s 6K 
INFO cde.ca.gov-ethnicity_gender cde.ca.gov-ethnicity_gender-physfit13: 3189/s 16K 
INFO cde.ca.gov-ethnicity_gender cde.ca.gov-ethnicity_gender-physfit13: 4159/s 29K 
INFO cde.ca.gov-ethnicity_gender cde.ca.gov-ethnicity_gender-physfit13: 4175/s 46K 
INFO cde.ca.gov-ethnicity_gender cde.ca.gov-ethnicity_gender-physfit13: 3922/s 65K 
INFO cde.ca.gov-ethnicity_gender cde.ca.gov-ethnicity_gender-physfit13: 3906/s 84K 
INFO cde.ca.gov-ethnicity_gender cde.ca.gov-ethnicity_gender-physfit13: 3680/s 104K 
INFO cde.ca.gov-ethnicity_gender cde.ca.gov-ethnicity_gender-physfit13: 3682/s 123K 
INFO cde.ca.gov-ethnicity_gender cde.ca.gov-ethnicity_gender-physfit13: 3931/s 141K 
INFO cde.ca.gov-ethnicity_gender cde.ca.gov-ethnicity_gender-physfit13: 3723/s 160K 
INFO cde.ca.gov-ethnicity_gender cde.ca.gov-ethnicity_gender-physfit13: 3950/s 179K 
INFO cde.ca.gov-ethnicity_gender cde.ca.gov-ethnicity_gender-physfit13: 3950/s 199K 
INFO cde.ca.gov-ethnicity_gender cde.ca.gov-ethnicity_gender-physfit13: 3718/s 218K 
INFO cde.ca.gov-ethnicity_gender cde.ca.gov-ethnicity_gender-physfit13: 3946/s 237K 
INFO cde.ca.gov-ethnicity_gender cde.ca.gov-ethnicity_gender-physfit13: 3722/s 257K 
INFO cde.ca.gov-ethnicity_gender cde.ca.gov-ethnicity_gender-physfit13: 3722/s 276K 
INFO cde.ca.gov-ethnicity_gender cde.ca.gov-ethnicity_gender-physfit13: 3949/s 294K 
INFO cde.ca.gov-ethnicity_gender cde.ca.gov-ethnicity_gender-physfit13: 3718/s 314K 
INFO cde.ca.gov-ethnicity_gender cde.ca.gov-ethnicity_gender-physfit13: 3932/s 333K 
INFO cde.ca.gov-ethnicity_gender cde.ca.gov-ethnicity_gender-physfit13: 3666/s 352K 
INFO cde.ca.gov-ethnicity_gender cde.ca.gov-ethnicity_gender-physfit13: 3604/s 371K 
INFO cde.ca.gov-ethnicity_gender cde.ca.gov-ethnicity_gender-physfit13: 3837/s 389K 
INFO cde.ca.gov-ethnicity_gender cde.ca.gov-ethnicity_gender-physfit13: 3620/s 408K 
INFO cde.ca.gov-ethnicity_gender cde.ca.gov-ethnicity_gender-physfit13: 3882/s 426K 
INFO cde.ca.gov-ethnicity_gender cde.ca.gov-ethnicity_gender-physfit13: 3947/s 445K 
INFO cde.ca.gov-ethnicity_gender cde.ca.gov-ethnicity_gender-physfit13: 3711/s 465K 
INFO cde.ca.gov-ethnicity_gender cde.ca.gov-ethnicity_gender-physfit13: 3940/s 484K 
INFO cde.ca.gov-ethnicity_gender cde.ca.gov-ethnicity_gender-physfit13: 3720/s 503K 
INFO cde.ca.gov-ethnicity_gender cde.ca.gov-ethnicity_gender-physfit13: 3723/s 522K 
INFO cde.ca.gov-ethnicity_gender cde.ca.gov-ethnicity_gender-physfit13: 3960/s 541K 
INFO cde.ca.gov-ethnicity_gender cde.ca.gov-ethnicity_gender-physfit13: 3740/s 560K 
INFO cde.ca.gov-ethnicity_gender cde.ca.gov-ethnicity_gender-physfit13: 3964/s 579K 
INFO cde.ca.gov-ethnicity_gender cde.ca.gov-ethnicity_gender-physfit13: 3969/s 598K 
INFO cde.ca.gov-ethnicity_gender cde.ca.gov-ethnicity_gender-physfit13: 3746/s 618K 
INFO cde.ca.gov-ethnicity_gender cde.ca.gov-ethnicity_gender-physfit13: 3967/s 637K 
INFO cde.ca.gov-ethnicity_gender cde.ca.gov-ethnicity_gender-physfit13: 3734/s 657K 
INFO cde.ca.gov-ethnicity_gender cde.ca.gov-ethnicity_gender-physfit13: 3724/s 676K 
INFO cde.ca.gov-ethnicity_gender cde.ca.gov-ethnicity_gender-physfit13: 3947/s 695K 
INFO cde.ca.gov-ethnicity_gender cde.ca.gov-ethnicity_gender-physfit13: 3722/s 714K 
INFO cde.ca.gov-ethnicity_gender cde.ca.gov-ethnicity_gender-physfit13: 3959/s 733K 
INFO cde.ca.gov-ethnicity_gender cde.ca.gov-ethnicity_gender-physfit13: 3738/s 752K 
INFO cde.ca.gov-ethnicity_gender cde.ca.gov-ethnicity_gender-physfit13: 3731/s 771K 
INFO cde.ca.gov-ethnicity_gender cde.ca.gov-ethnicity_gender-physfit13: 3959/s 790K 
INFO cde.ca.gov-ethnicity_gender cde.ca.gov-ethnicity_gender-physfit13: 3731/s 810K 
INFO cde.ca.gov-ethnicity_gender cde.ca.gov-ethnicity_gender-physfit13: 3962/s 829K 
INFO cde.ca.gov-ethnicity_gender cde.ca.gov-ethnicity_gender-physfit13: 3974/s 848K 
INFO cde.ca.gov-ethnicity_gender cde.ca.gov-ethnicity_gender-physfit13: 3733/s 868K 
INFO cde.ca.gov-ethnicity_gender cde.ca.gov-ethnicity_gender-physfit13: 3962/s 887K 
INFO cde.ca.gov-ethnicity_gender cde.ca.gov-ethnicity_gender-physfit13: 3722/s 906K 
INFO cde.ca.gov-ethnicity_gender cde.ca.gov-ethnicity_gender-physfit13: 3711/s 925K 
INFO cde.ca.gov-ethnicity_gender cde.ca.gov-ethnicity_gender-physfit13: 3951/s 944K 
INFO cde.ca.gov-ethnicity_gender cde.ca.gov-ethnicity_gender-physfit13: 3724/s 963K 
INFO cde.ca.gov-ethnicity_gender cde.ca.gov-ethnicity_gender-physfit13: 3962/s 982K 
INFO cde.ca.gov-ethnicity_gender cde.ca.gov-ethnicity_gender-physfit13: 3733/s 1002K 
INFO cde.ca.gov-ethnicity_gender cde.ca.gov-ethnicity_gender-physfit13: 3727/s 1021K 
INFO cde.ca.gov-ethnicity_gender cde.ca.gov-ethnicity_gender-physfit13: 3901/s 1039K 
INFO cde.ca.gov-ethnicity_gender cde.ca.gov-ethnicity_gender-physfit13: 3671/s 1059K 
INFO cde.ca.gov-ethnicity_gender cde.ca.gov-ethnicity_gender-physfit13: 3905/s 1077K 
INFO cde.ca.gov-ethnicity_gender cde.ca.gov-ethnicity_gender-physfit13: 3909/s 1097K 
INFO cde.ca.gov-ethnicity_gender cde.ca.gov-ethnicity_gender-physfit13: 3736/s 1116K 
INFO cde.ca.gov-ethnicity_gender cde.ca.gov-ethnicity_gender-physfit13: 3964/s 1135K 
INFO cde.ca.gov-ethnicity_gender cde.ca.gov-ethnicity_gender-physfit13: 3739/s 1154K 
INFO cde.ca.gov-ethnicity_gender cde.ca.gov-ethnicity_gender-physfit13: 3738/s 1173K 
INFO cde.ca.gov-ethnicity_gender cde.ca.gov-ethnicity_gender-physfit13: 3959/s 1192K 
INFO cde.ca.gov-ethnicity_gender cde.ca.gov-ethnicity_gender-physfit13: 3730/s 1212K 
INFO cde.ca.gov-ethnicity_gender cde.ca.gov-ethnicity_gender-physfit13: 3949/s 1231K 
INFO cde.ca.gov-ethnicity_gender cde.ca.gov-ethnicity_gender-physfit13: 3699/s 1250K 
INFO cde.ca.gov-ethnicity_gender cde.ca.gov-ethnicity_gender-physfit13: 3629/s 1269K 
INFO cde.ca.gov-ethnicity_gender cde.ca.gov-ethnicity_gender-physfit13: 3820/s 1287K 
INFO cde.ca.gov-ethnicity_gender cde.ca.gov-ethnicity_gender-physfit13: 3576/s 1306K 
INFO cde.ca.gov-ethnicity_gender cde.ca.gov-ethnicity_gender-physfit13: 3824/s 1325K 
INFO cde.ca.gov-ethnicity_gender cde.ca.gov-ethnicity_gender-physfit13: 3895/s 1343K 
INFO cde.ca.gov-ethnicity_gender cde.ca.gov-ethnicity_gender-physfit13: 3710/s 1362K 
INFO cde.ca.gov-ethnicity_gender cde.ca.gov-ethnicity_gender-physfit13: 3953/s 1381K 
INFO cde.ca.gov-ethnicity_gender cde.ca.gov-ethnicity_gender-physfit13: 3729/s 1401K 
INFO cde.ca.gov-ethnicity_gender cde.ca.gov-ethnicity_gender-physfit13: 3734/s 1419K 
INFO cde.ca.gov-ethnicity_gender cde.ca.gov-ethnicity_gender-physfit13: 3957/s 1438K 
INFO cde.ca.gov-ethnicity_gender cde.ca.gov-ethnicity_gender-physfit13: 3736/s 1458K 
INFO cde.ca.gov-ethnicity_gender cde.ca.gov-ethnicity_gender-physfit13: 3961/s 1477K 
INFO cde.ca.gov-ethnicity_gender cde.ca.gov-ethnicity_gender-physfit13: 3940/s 1496K 
INFO cde.ca.gov-ethnicity_gender cde.ca.gov-ethnicity_gender-physfit13: 3715/s 1516K 
INFO cde.ca.gov-ethnicity_gender cde.ca.gov-ethnicity_gender-physfit13: 3942/s 1535K 
INFO cde.ca.gov-ethnicity_gender cde.ca.gov-ethnicity_gender-physfit13: 3715/s 1554K 
INFO cde.ca.gov-ethnicity_gender cde.ca.gov-ethnicity_gender-physfit13: 3733/s 1573K 
INFO cde.ca.gov-ethnicity_gender cde.ca.gov-ethnicity_gender-physfit13: 3960/s 1592K 
INFO cde.ca.gov-ethnicity_gender cde.ca.gov-ethnicity_gender-physfit13: 3733/s 1611K 
INFO cde.ca.gov-ethnicity_gender cde.ca.gov-ethnicity_gender-physfit13: 3955/s 1630K 
INFO cde.ca.gov-ethnicity_gender cde.ca.gov-ethnicity_gender-physfit13: 3956/s 1649K 
INFO cde.ca.gov-ethnicity_gender cde.ca.gov-ethnicity_gender-physfit13: 3727/s 1669K 
INFO cde.ca.gov-ethnicity_gender cde.ca.gov-ethnicity_gender-physfit13: 3954/s 1688K 
INFO cde.ca.gov-ethnicity_gender cde.ca.gov-ethnicity_gender-physfit13: 3731/s 1708K 
INFO cde.ca.gov-ethnicity_gender cde.ca.gov-ethnicity_gender-physfit13: 3714/s 1727K 
INFO cde.ca.gov-ethnicity_gender cde.ca.gov-ethnicity_gender-physfit13: 3938/s 1745K 
INFO cde.ca.gov-ethnicity_gender cde.ca.gov-ethnicity_gender-physfit13: 3708/s 1765K 
INFO cde.ca.gov-ethnicity_gender cde.ca.gov-ethnicity_gender-physfit13: 3932/s 1784K 
INFO cde.ca.gov-ethnicity_gender cde.ca.gov-ethnicity_gender-physfit13: 3717/s 1803K 
INFO cde.ca.gov-ethnicity_gender cde.ca.gov-ethnicity_gender-physfit13: 3721/s 1822K 
INFO cde.ca.gov-ethnicity_gender cde.ca.gov-ethnicity_gender-physfit13: 3955/s 1841K 
INFO cde.ca.gov-ethnicity_gender cde.ca.gov-ethnicity_gender-physfit13: 3730/s 1860K 
INFO cde.ca.gov-ethnicity_gender cde.ca.gov-ethnicity_gender-physfit13: 3960/s 1879K 
INFO cde.ca.gov-ethnicity_gender cde.ca.gov-ethnicity_gender-physfit13: 3954/s 1898K 
INFO cde.ca.gov-ethnicity_gender cde.ca.gov-ethnicity_gender-physfit13: 3728/s 1918K 
INFO cde.ca.gov-ethnicity_gender cde.ca.gov-ethnicity_gender-physfit13: 3953/s 1937K 
INFO cde.ca.gov-ethnicity_gender cde.ca.gov-ethnicity_gender-physfit13: 3733/s 1956K 
INFO cde.ca.gov-ethnicity_gender cde.ca.gov-ethnicity_gender-physfit13: 3736/s 1975K 
INFO cde.ca.gov-ethnicity_gender cde.ca.gov-ethnicity_gender-physfit13: 3967/s 1994K 
INFO cde.ca.gov-ethnicity_gender cde.ca.gov-ethnicity_gender-physfit13: 3743/s 2014K 
INFO cde.ca.gov-ethnicity_gender cde.ca.gov-ethnicity_gender-physfit13: 3962/s 2033K 
INFO cde.ca.gov-ethnicity_gender cde.ca.gov-ethnicity_gender-physfit13: 3738/s 2052K 
INFO cde.ca.gov-ethnicity_gender cde.ca.gov-ethnicity_gender-physfit13: 3729/s 2071K 
INFO cde.ca.gov-ethnicity_gender cde.ca.gov-ethnicity_gender-physfit13: 3957/s 2090K 
INFO cde.ca.gov-ethnicity_gender cde.ca.gov-ethnicity_gender-physfit13: 3732/s 2109K 
INFO cde.ca.gov-ethnicity_gender cde.ca.gov-ethnicity_gender-physfit13: 3953/s 2128K 
INFO cde.ca.gov-ethnicity_gender cde.ca.gov-ethnicity_gender-physfit13: 3949/s 2148K 
INFO cde.ca.gov-ethnicity_gender cde.ca.gov-ethnicity_gender-physfit13: 3723/s 2167K 
INFO cde.ca.gov-ethnicity_gender cde.ca.gov-ethnicity_gender-physfit13: 3954/s 2186K 
INFO cde.ca.gov-ethnicity_gender cde.ca.gov-ethnicity_gender-physfit13: 3731/s 2206K 
INFO cde.ca.gov-ethnicity_gender Updating schema column length physfit13.level_number None -> 1
INFO cde.ca.gov-ethnicity_gender Updating schema column length physfit13.report_number None -> 2
INFO cde.ca.gov-ethnicity_gender Updating schema column length physfit13.table_number None -> 1
INFO cde.ca.gov-ethnicity_gender Updating schema column length physfit13.line_number None -> 1
INFO cde.ca.gov-ethnicity_gender Updating schema column length physfit13.co None -> 2
INFO cde.ca.gov-ethnicity_gender Updating schema column length physfit13.dist None -> 5
INFO cde.ca.gov-ethnicity_gender Updating schema column length physfit13.schl None -> 7
INFO cde.ca.gov-ethnicity_gender Updating schema column length physfit13.nohfz5 3 -> 6
INFO cde.ca.gov-ethnicity_gender Loading source 'physfit12' into partition 'cde.ca.gov-ethnicity_gender-physfit12'
WARNING cde.ca.gov-ethnicity_gender Header column 'Level_Number' not in table physfit12 for  source physfit12
WARNING cde.ca.gov-ethnicity_gender Header column 'Report_Number' not in table physfit12 for  source physfit12
WARNING cde.ca.gov-ethnicity_gender Header column 'Table_Number' not in table physfit12 for  source physfit12
WARNING cde.ca.gov-ethnicity_gender Header column 'Line_Number' not in table physfit12 for  source physfit12
WARNING cde.ca.gov-ethnicity_gender Header column 'CO' not in table physfit12 for  source physfit12
WARNING cde.ca.gov-ethnicity_gender Header column 'DIST' not in table physfit12 for  source physfit12
WARNING cde.ca.gov-ethnicity_gender Header column 'SCHL' not in table physfit12 for  source physfit12
WARNING cde.ca.gov-ethnicity_gender Header column 'Line_Text' not in table physfit12 for  source physfit12
WARNING cde.ca.gov-ethnicity_gender Header column 'NoStud5' not in table physfit12 for  source physfit12
WARNING cde.ca.gov-ethnicity_gender Header column 'NoHFZ5' not in table physfit12 for  source physfit12
WARNING cde.ca.gov-ethnicity_gender Header column 'Perc5a' not in table physfit12 for  source physfit12
WARNING cde.ca.gov-ethnicity_gender Header column 'Perc5b' not in table physfit12 for  source physfit12
WARNING cde.ca.gov-ethnicity_gender Header column 'Perc5c' not in table physfit12 for  source physfit12
WARNING cde.ca.gov-ethnicity_gender Header column 'NoStud7' not in table physfit12 for  source physfit12
WARNING cde.ca.gov-ethnicity_gender Header column 'NoHFZ7' not in table physfit12 for  source physfit12
WARNING cde.ca.gov-ethnicity_gender Header column 'Perc7a' not in table physfit12 for  source physfit12
WARNING cde.ca.gov-ethnicity_gender Header column 'Perc7b' not in table physfit12 for  source physfit12
WARNING cde.ca.gov-ethnicity_gender Header column 'Perc7c' not in table physfit12 for  source physfit12
WARNING cde.ca.gov-ethnicity_gender Header column 'NoStud9' not in table physfit12 for  source physfit12
WARNING cde.ca.gov-ethnicity_gender Header column 'NoHFZ9' not in table physfit12 for  source physfit12
WARNING cde.ca.gov-ethnicity_gender Header column 'Perc9a' not in table physfit12 for  source physfit12
WARNING cde.ca.gov-ethnicity_gender Header column 'Perc9b' not in table physfit12 for  source physfit12
WARNING cde.ca.gov-ethnicity_gender Header column 'Perc9c' not in table physfit12 for  source physfit12
WARNING cde.ca.gov-ethnicity_gender Header column 'ChrtNum' not in table physfit12 for  source physfit12
INFO cde.ca.gov-ethnicity_gender cde.ca.gov-ethnicity_gender-physfit12: 303/s 0K 
INFO cde.ca.gov-ethnicity_gender cde.ca.gov-ethnicity_gender-physfit12: 2226/s 0K 
INFO cde.ca.gov-ethnicity_gender cde.ca.gov-ethnicity_gender-physfit12: 2883/s 6K 
INFO cde.ca.gov-ethnicity_gender cde.ca.gov-ethnicity_gender-physfit12: 3208/s 17K 
INFO cde.ca.gov-ethnicity_gender cde.ca.gov-ethnicity_gender-physfit12: 4177/s 30K 
INFO cde.ca.gov-ethnicity_gender cde.ca.gov-ethnicity_gender-physfit12: 4187/s 47K 
INFO cde.ca.gov-ethnicity_gender cde.ca.gov-ethnicity_gender-physfit12: 3962/s 66K 
INFO cde.ca.gov-ethnicity_gender cde.ca.gov-ethnicity_gender-physfit12: 3966/s 85K 
INFO cde.ca.gov-ethnicity_gender cde.ca.gov-ethnicity_gender-physfit12: 3741/s 105K 
INFO cde.ca.gov-ethnicity_gender cde.ca.gov-ethnicity_gender-physfit12: 3743/s 124K 
INFO cde.ca.gov-ethnicity_gender cde.ca.gov-ethnicity_gender-physfit12: 3970/s 143K 
INFO cde.ca.gov-ethnicity_gender cde.ca.gov-ethnicity_gender-physfit12: 3731/s 162K 
INFO cde.ca.gov-ethnicity_gender cde.ca.gov-ethnicity_gender-physfit12: 3962/s 181K 
INFO cde.ca.gov-ethnicity_gender cde.ca.gov-ethnicity_gender-physfit12: 3728/s 201K 
INFO cde.ca.gov-ethnicity_gender cde.ca.gov-ethnicity_gender-physfit12: 3728/s 220K 
INFO cde.ca.gov-ethnicity_gender cde.ca.gov-ethnicity_gender-physfit12: 3970/s 238K 
INFO cde.ca.gov-ethnicity_gender cde.ca.gov-ethnicity_gender-physfit12: 3737/s 258K 
INFO cde.ca.gov-ethnicity_gender cde.ca.gov-ethnicity_gender-physfit12: 3975/s 277K 
INFO cde.ca.gov-ethnicity_gender cde.ca.gov-ethnicity_gender-physfit12: 3978/s 296K 
INFO cde.ca.gov-ethnicity_gender cde.ca.gov-ethnicity_gender-physfit12: 3755/s 316K 
INFO cde.ca.gov-ethnicity_gender cde.ca.gov-ethnicity_gender-physfit12: 3989/s 335K 
INFO cde.ca.gov-ethnicity_gender cde.ca.gov-ethnicity_gender-physfit12: 3765/s 355K 
INFO cde.ca.gov-ethnicity_gender cde.ca.gov-ethnicity_gender-physfit12: 3765/s 374K 
INFO cde.ca.gov-ethnicity_gender cde.ca.gov-ethnicity_gender-physfit12: 3977/s 393K 
INFO cde.ca.gov-ethnicity_gender cde.ca.gov-ethnicity_gender-physfit12: 3740/s 412K 
INFO cde.ca.gov-ethnicity_gender cde.ca.gov-ethnicity_gender-physfit12: 3954/s 431K 
INFO cde.ca.gov-ethnicity_gender cde.ca.gov-ethnicity_gender-physfit12: 3718/s 451K 
INFO cde.ca.gov-ethnicity_gender cde.ca.gov-ethnicity_gender-physfit12: 3712/s 470K 
INFO cde.ca.gov-ethnicity_gender cde.ca.gov-ethnicity_gender-physfit12: 3936/s 489K 
INFO cde.ca.gov-ethnicity_gender cde.ca.gov-ethnicity_gender-physfit12: 3693/s 508K 
INFO cde.ca.gov-ethnicity_gender cde.ca.gov-ethnicity_gender-physfit12: 3911/s 527K 
INFO cde.ca.gov-ethnicity_gender cde.ca.gov-ethnicity_gender-physfit12: 3919/s 546K 
INFO cde.ca.gov-ethnicity_gender cde.ca.gov-ethnicity_gender-physfit12: 3691/s 565K 
INFO cde.ca.gov-ethnicity_gender cde.ca.gov-ethnicity_gender-physfit12: 3923/s 584K 
INFO cde.ca.gov-ethnicity_gender cde.ca.gov-ethnicity_gender-physfit12: 3699/s 604K 
INFO cde.ca.gov-ethnicity_gender cde.ca.gov-ethnicity_gender-physfit12: 3697/s 622K 
INFO cde.ca.gov-ethnicity_gender cde.ca.gov-ethnicity_gender-physfit12: 3928/s 641K 
INFO cde.ca.gov-ethnicity_gender cde.ca.gov-ethnicity_gender-physfit12: 3714/s 660K 
INFO cde.ca.gov-ethnicity_gender cde.ca.gov-ethnicity_gender-physfit12: 3940/s 679K 
INFO cde.ca.gov-ethnicity_gender cde.ca.gov-ethnicity_gender-physfit12: 3942/s 698K 
INFO cde.ca.gov-ethnicity_gender cde.ca.gov-ethnicity_gender-physfit12: 3717/s 718K 
INFO cde.ca.gov-ethnicity_gender cde.ca.gov-ethnicity_gender-physfit12: 3942/s 737K 
INFO cde.ca.gov-ethnicity_gender cde.ca.gov-ethnicity_gender-physfit12: 3721/s 756K 
INFO cde.ca.gov-ethnicity_gender cde.ca.gov-ethnicity_gender-physfit12: 3718/s 775K 
INFO cde.ca.gov-ethnicity_gender cde.ca.gov-ethnicity_gender-physfit12: 3943/s 794K 
INFO cde.ca.gov-ethnicity_gender cde.ca.gov-ethnicity_gender-physfit12: 3722/s 813K 
INFO cde.ca.gov-ethnicity_gender cde.ca.gov-ethnicity_gender-physfit12: 3956/s 832K 
INFO cde.ca.gov-ethnicity_gender cde.ca.gov-ethnicity_gender-physfit12: 3732/s 852K 
INFO cde.ca.gov-ethnicity_gender cde.ca.gov-ethnicity_gender-physfit12: 3737/s 871K 
INFO cde.ca.gov-ethnicity_gender cde.ca.gov-ethnicity_gender-physfit12: 3964/s 889K 
INFO cde.ca.gov-ethnicity_gender cde.ca.gov-ethnicity_gender-physfit12: 3745/s 909K 
INFO cde.ca.gov-ethnicity_gender cde.ca.gov-ethnicity_gender-physfit12: 3962/s 928K 
INFO cde.ca.gov-ethnicity_gender cde.ca.gov-ethnicity_gender-physfit12: 3950/s 947K 
INFO cde.ca.gov-ethnicity_gender cde.ca.gov-ethnicity_gender-physfit12: 3725/s 967K 
INFO cde.ca.gov-ethnicity_gender cde.ca.gov-ethnicity_gender-physfit12: 3935/s 986K 
INFO cde.ca.gov-ethnicity_gender cde.ca.gov-ethnicity_gender-physfit12: 3721/s 1005K 
INFO cde.ca.gov-ethnicity_gender cde.ca.gov-ethnicity_gender-physfit12: 3721/s 1024K 
INFO cde.ca.gov-ethnicity_gender cde.ca.gov-ethnicity_gender-physfit12: 3910/s 1043K 
INFO cde.ca.gov-ethnicity_gender cde.ca.gov-ethnicity_gender-physfit12: 3670/s 1062K 
INFO cde.ca.gov-ethnicity_gender cde.ca.gov-ethnicity_gender-physfit12: 3886/s 1081K 
INFO cde.ca.gov-ethnicity_gender cde.ca.gov-ethnicity_gender-physfit12: 3669/s 1100K 
INFO cde.ca.gov-ethnicity_gender cde.ca.gov-ethnicity_gender-physfit12: 3711/s 1119K 
INFO cde.ca.gov-ethnicity_gender cde.ca.gov-ethnicity_gender-physfit12: 3966/s 1138K 
INFO cde.ca.gov-ethnicity_gender cde.ca.gov-ethnicity_gender-physfit12: 3756/s 1157K 
INFO cde.ca.gov-ethnicity_gender cde.ca.gov-ethnicity_gender-physfit12: 3969/s 1176K 
INFO cde.ca.gov-ethnicity_gender cde.ca.gov-ethnicity_gender-physfit12: 3926/s 1195K 
INFO cde.ca.gov-ethnicity_gender cde.ca.gov-ethnicity_gender-physfit12: 3656/s 1215K 
INFO cde.ca.gov-ethnicity_gender cde.ca.gov-ethnicity_gender-physfit12: 3884/s 1234K 
INFO cde.ca.gov-ethnicity_gender cde.ca.gov-ethnicity_gender-physfit12: 3675/s 1253K 
INFO cde.ca.gov-ethnicity_gender cde.ca.gov-ethnicity_gender-physfit12: 3711/s 1272K 
INFO cde.ca.gov-ethnicity_gender cde.ca.gov-ethnicity_gender-physfit12: 3931/s 1290K 
INFO cde.ca.gov-ethnicity_gender cde.ca.gov-ethnicity_gender-physfit12: 3657/s 1309K 
INFO cde.ca.gov-ethnicity_gender cde.ca.gov-ethnicity_gender-physfit12: 3833/s 1328K 
INFO cde.ca.gov-ethnicity_gender cde.ca.gov-ethnicity_gender-physfit12: 3775/s 1347K 
INFO cde.ca.gov-ethnicity_gender cde.ca.gov-ethnicity_gender-physfit12: 3582/s 1366K 
INFO cde.ca.gov-ethnicity_gender cde.ca.gov-ethnicity_gender-physfit12: 3844/s 1384K 
INFO cde.ca.gov-ethnicity_gender cde.ca.gov-ethnicity_gender-physfit12: 3663/s 1403K 
INFO cde.ca.gov-ethnicity_gender cde.ca.gov-ethnicity_gender-physfit12: 3721/s 1422K 
INFO cde.ca.gov-ethnicity_gender cde.ca.gov-ethnicity_gender-physfit12: 3958/s 1440K 
INFO cde.ca.gov-ethnicity_gender cde.ca.gov-ethnicity_gender-physfit12: 3736/s 1460K 
INFO cde.ca.gov-ethnicity_gender cde.ca.gov-ethnicity_gender-physfit12: 3957/s 1478K 
INFO cde.ca.gov-ethnicity_gender cde.ca.gov-ethnicity_gender-physfit12: 3959/s 1498K 
INFO cde.ca.gov-ethnicity_gender cde.ca.gov-ethnicity_gender-physfit12: 3736/s 1517K 
INFO cde.ca.gov-ethnicity_gender cde.ca.gov-ethnicity_gender-physfit12: 3968/s 1537K 
INFO cde.ca.gov-ethnicity_gender cde.ca.gov-ethnicity_gender-physfit12: 3756/s 1556K 
INFO cde.ca.gov-ethnicity_gender cde.ca.gov-ethnicity_gender-physfit12: 3758/s 1575K 
INFO cde.ca.gov-ethnicity_gender cde.ca.gov-ethnicity_gender-physfit12: 3976/s 1594K 
INFO cde.ca.gov-ethnicity_gender cde.ca.gov-ethnicity_gender-physfit12: 3736/s 1613K 
INFO cde.ca.gov-ethnicity_gender cde.ca.gov-ethnicity_gender-physfit12: 3953/s 1633K 
INFO cde.ca.gov-ethnicity_gender cde.ca.gov-ethnicity_gender-physfit12: 3719/s 1652K 
INFO cde.ca.gov-ethnicity_gender cde.ca.gov-ethnicity_gender-physfit12: 3710/s 1671K 
INFO cde.ca.gov-ethnicity_gender cde.ca.gov-ethnicity_gender-physfit12: 3898/s 1690K 
INFO cde.ca.gov-ethnicity_gender cde.ca.gov-ethnicity_gender-physfit12: 3605/s 1709K 
INFO cde.ca.gov-ethnicity_gender cde.ca.gov-ethnicity_gender-physfit12: 3762/s 1727K 
INFO cde.ca.gov-ethnicity_gender cde.ca.gov-ethnicity_gender-physfit12: 3698/s 1746K 
INFO cde.ca.gov-ethnicity_gender cde.ca.gov-ethnicity_gender-physfit12: 3456/s 1765K 
INFO cde.ca.gov-ethnicity_gender cde.ca.gov-ethnicity_gender-physfit12: 3690/s 1783K 
INFO cde.ca.gov-ethnicity_gender cde.ca.gov-ethnicity_gender-physfit12: 3471/s 1801K 
INFO cde.ca.gov-ethnicity_gender cde.ca.gov-ethnicity_gender-physfit12: 3474/s 1819K 
INFO cde.ca.gov-ethnicity_gender cde.ca.gov-ethnicity_gender-physfit12: 3695/s 1836K 
INFO cde.ca.gov-ethnicity_gender cde.ca.gov-ethnicity_gender-physfit12: 3476/s 1854K 
INFO cde.ca.gov-ethnicity_gender cde.ca.gov-ethnicity_gender-physfit12: 3760/s 1872K 
INFO cde.ca.gov-ethnicity_gender cde.ca.gov-ethnicity_gender-physfit12: 3783/s 1890K 
INFO cde.ca.gov-ethnicity_gender cde.ca.gov-ethnicity_gender-physfit12: 3604/s 1909K 
INFO cde.ca.gov-ethnicity_gender cde.ca.gov-ethnicity_gender-physfit12: 3888/s 1927K 
INFO cde.ca.gov-ethnicity_gender cde.ca.gov-ethnicity_gender-physfit12: 3900/s 1946K 
INFO cde.ca.gov-ethnicity_gender cde.ca.gov-ethnicity_gender-physfit12: 3726/s 1965K 
INFO cde.ca.gov-ethnicity_gender cde.ca.gov-ethnicity_gender-physfit12: 3908/s 1984K 
INFO cde.ca.gov-ethnicity_gender cde.ca.gov-ethnicity_gender-physfit12: 3641/s 2003K 
INFO cde.ca.gov-ethnicity_gender cde.ca.gov-ethnicity_gender-physfit12: 3553/s 2022K 
INFO cde.ca.gov-ethnicity_gender cde.ca.gov-ethnicity_gender-physfit12: 3708/s 2040K 
INFO cde.ca.gov-ethnicity_gender cde.ca.gov-ethnicity_gender-physfit12: 3507/s 2059K 
INFO cde.ca.gov-ethnicity_gender cde.ca.gov-ethnicity_gender-physfit12: 3756/s 2077K 
INFO cde.ca.gov-ethnicity_gender cde.ca.gov-ethnicity_gender-physfit12: 3830/s 2095K 
INFO cde.ca.gov-ethnicity_gender cde.ca.gov-ethnicity_gender-physfit12: 3653/s 2114K 
INFO cde.ca.gov-ethnicity_gender cde.ca.gov-ethnicity_gender-physfit12: 3898/s 2132K 
INFO cde.ca.gov-ethnicity_gender cde.ca.gov-ethnicity_gender-physfit12: 3659/s 2151K 
INFO cde.ca.gov-ethnicity_gender cde.ca.gov-ethnicity_gender-physfit12: 3627/s 2170K 
INFO cde.ca.gov-ethnicity_gender Updating schema column length physfit12.level_number None -> 1
INFO cde.ca.gov-ethnicity_gender Updating schema column length physfit12.report_number None -> 2
INFO cde.ca.gov-ethnicity_gender Updating schema column length physfit12.table_number None -> 1
INFO cde.ca.gov-ethnicity_gender Updating schema column length physfit12.line_number None -> 1
INFO cde.ca.gov-ethnicity_gender Updating schema column length physfit12.co None -> 2
INFO cde.ca.gov-ethnicity_gender Updating schema column length physfit12.dist None -> 5
INFO cde.ca.gov-ethnicity_gender Updating schema column length physfit12.schl None -> 7
INFO cde.ca.gov-ethnicity_gender Loading source 'physfit11' into partition 'cde.ca.gov-ethnicity_gender-physfit11'
WARNING cde.ca.gov-ethnicity_gender Header column 'ID' not in table physfit11 for  source physfit11
WARNING cde.ca.gov-ethnicity_gender Header column 'Level_Number' not in table physfit11 for  source physfit11
WARNING cde.ca.gov-ethnicity_gender Header column 'Report_Number' not in table physfit11 for  source physfit11
WARNING cde.ca.gov-ethnicity_gender Header column 'Table_Number' not in table physfit11 for  source physfit11
WARNING cde.ca.gov-ethnicity_gender Header column 'Line_Number' not in table physfit11 for  source physfit11
WARNING cde.ca.gov-ethnicity_gender Header column 'CO' not in table physfit11 for  source physfit11
WARNING cde.ca.gov-ethnicity_gender Header column 'DIST' not in table physfit11 for  source physfit11
WARNING cde.ca.gov-ethnicity_gender Header column 'SCHL' not in table physfit11 for  source physfit11
WARNING cde.ca.gov-ethnicity_gender Header column 'Line_Text' not in table physfit11 for  source physfit11
WARNING cde.ca.gov-ethnicity_gender Header column 'NoStud5' not in table physfit11 for  source physfit11
WARNING cde.ca.gov-ethnicity_gender Header column 'NoHFZ5' not in table physfit11 for  source physfit11
WARNING cde.ca.gov-ethnicity_gender Header column 'Perc5a' not in table physfit11 for  source physfit11
WARNING cde.ca.gov-ethnicity_gender Header column 'Perc5b' not in table physfit11 for  source physfit11
WARNING cde.ca.gov-ethnicity_gender Header column 'Perc5c' not in table physfit11 for  source physfit11
WARNING cde.ca.gov-ethnicity_gender Header column 'NoStud7' not in table physfit11 for  source physfit11
WARNING cde.ca.gov-ethnicity_gender Header column 'NoHFZ7' not in table physfit11 for  source physfit11
WARNING cde.ca.gov-ethnicity_gender Header column 'Perc7a' not in table physfit11 for  source physfit11
WARNING cde.ca.gov-ethnicity_gender Header column 'Perc7b' not in table physfit11 for  source physfit11
WARNING cde.ca.gov-ethnicity_gender Header column 'Perc7c' not in table physfit11 for  source physfit11
WARNING cde.ca.gov-ethnicity_gender Header column 'NoStud9' not in table physfit11 for  source physfit11
WARNING cde.ca.gov-ethnicity_gender Header column 'NoHFZ9' not in table physfit11 for  source physfit11
WARNING cde.ca.gov-ethnicity_gender Header column 'Perc9a' not in table physfit11 for  source physfit11
WARNING cde.ca.gov-ethnicity_gender Header column 'Perc9b' not in table physfit11 for  source physfit11
WARNING cde.ca.gov-ethnicity_gender Header column 'Perc9c' not in table physfit11 for  source physfit11
WARNING cde.ca.gov-ethnicity_gender Header column 'ChrtNum' not in table physfit11 for  source physfit11
INFO cde.ca.gov-ethnicity_gender cde.ca.gov-ethnicity_gender-physfit11: 302/s 0K 
INFO cde.ca.gov-ethnicity_gender cde.ca.gov-ethnicity_gender-physfit11: 2331/s 0K 
INFO cde.ca.gov-ethnicity_gender cde.ca.gov-ethnicity_gender-physfit11: 3035/s 7K 
INFO cde.ca.gov-ethnicity_gender cde.ca.gov-ethnicity_gender-physfit11: 3388/s 17K 
INFO cde.ca.gov-ethnicity_gender cde.ca.gov-ethnicity_gender-physfit11: 4400/s 31K 
INFO cde.ca.gov-ethnicity_gender cde.ca.gov-ethnicity_gender-physfit11: 4404/s 49K 
INFO cde.ca.gov-ethnicity_gender cde.ca.gov-ethnicity_gender-physfit11: 4098/s 69K 
INFO cde.ca.gov-ethnicity_gender cde.ca.gov-ethnicity_gender-physfit11: 4069/s 89K 
INFO cde.ca.gov-ethnicity_gender cde.ca.gov-ethnicity_gender-physfit11: 3829/s 110K 
INFO cde.ca.gov-ethnicity_gender cde.ca.gov-ethnicity_gender-physfit11: 3838/s 129K 
INFO cde.ca.gov-ethnicity_gender cde.ca.gov-ethnicity_gender-physfit11: 4070/s 149K 
INFO cde.ca.gov-ethnicity_gender cde.ca.gov-ethnicity_gender-physfit11: 3783/s 169K 
INFO cde.ca.gov-ethnicity_gender cde.ca.gov-ethnicity_gender-physfit11: 4028/s 188K 
ERROR cde.ca.gov-ethnicity_gender Insert exception: (pysqlite2.dbapi2.IntegrityError) UNIQUE constraint failed: physfit11.id [SQL: u'INSERT INTO physfit11 (id, level_number, report_number, table_number, line_number, co, dist, schl, line_text, nostud5, nohfz5, perc5a, perc5b, perc5c, nostud7, nohfz7, perc7a, perc7b, perc7c, nostud9, nohfz9, perc9a, perc9b, perc9c, chrtnum) VALUES (?, ?, ?, ?, ?, ?, ?, ?, ?, ?, ?, ?, ?, ?, ?, ?, ?, ?, ?, ?, ?, ?, ?, ?, ?)'] [parameters: ((2174072, 2, 11, 1, 4, 19, 64436, 0, u'Trunk Extension Strength', u'656', u'616', u'93.9', u'6.1', u'0.0', u'654', u'649', u'99.2', u'0.8', u'0.0', u'728', u'717', u'98.5', u'1.5', u'0.0', u'0000'), (2174073, 2, 11, 1, 5, 19, 64436, 0, u'Upper Body Strength', u'656', u'442', u'67.4', u'32.6', u'0.0', u'654', u'542', u'82.9', u'17.1', u'0.0', u'728', u'635', u'87.2', u'12.8', u'0.0', u'0000'), (2174074, 2, 11, 1, 6, 19, 64436, 0, u'Flexibility', u'656', u'484', u'73.8', u'26.2', u'0.0', u'654', u'595', u'91.0', u'9.0', u'0.0', u'728', u'642', u'88.2', u'11.8', u'0.0', u'0000'), (2173831, 2, 11, 1, 1, 19, 64394, 0, u'Aerobic Capacity', u'193', u'121', u'62.7', u'30.1', u'7.2', u'172', u'102', u'59.3', u'26.2', u'14.5', u'199', u'130', u'65.3', u'21.1', u'13.6', u'0000'), (2173832, 2, 11, 1, 2, 19, 64394, 0, u'Body Composition', u'193', u'103', u'53.4', u'11.9', u'34.7', u'172', u'89', u'51.7', u'15.1', u'33.2', u'199', u'111', u'55.8', u'10.6', u'33.6', u'0000'), (2173833, 2, 11, 1, 3, 19, 64394, 0, u'Abdominal Strength', u'193', u'184', u'95.3', u'4.7', u'0.0', u'172', u'160', u'93.0', u'7.0', u'0.0', u'199', u'186', u'93.5', u'6.5', u'0.0', u'0000'), (2173834, 2, 11, 1, 4, 19, 64394, 0, u'Trunk Extension Strength', u'193', u'184', u'95.3', u'4.7', u'0.0', u'172', u'168', u'97.7', u'2.3', u'0.0', u'199', u'195', u'98.0', u'2.0', u'0.0', u'0000'), (2173835, 2, 11, 1, 5, 19, 64394, 0, u'Upper Body Strength', u'193', u'174', u'90.2', u'9.8', u'0.0', u'172', u'142', u'82.6', u'17.4', u'0.0', u'199', u'159', u'79.9', u'20.1', u'0.0', u'0000')  ... displaying 10 of 50000 total bound parameter sets ...  (1149072, 1, 0, 2, 4, 33, 67116, 110601, u'Body Composition 2010', u'108', u'103', u'95.4', u'4.6', u'0.0', u'0', u'0', u'0.0', u'0.0', u'0.0', u'0', u'0', u'0.0', u'0.0', u'0.0', u'0000'), (1149303, 1, 0, 2, 1, 33, 67116, 116749, u'Aerobic Capacity 2011', u'146', u'117', u'80.1', u'13.7', u'6.2', u'0', u'0', u'0.0', u'0.0', u'0.0', u'0', u'0', u'0.0', u'0.0', u'0.0', u'0000'))]
ERROR cde.ca.gov-ethnicity_gender Got exception while exiting inserter context: <class 'sqlalchemy.exc.IntegrityError'>: (pysqlite2.dbapi2.IntegrityError) UNIQUE constraint failed: physfit11.id [SQL: u'INSERT INTO physfit11 (id, level_number, report_number, table_number, line_number, co, dist, schl, line_text, nostud5, nohfz5, perc5a, perc5b, perc5c, nostud7, nohfz7, perc7a, perc7b, perc7c, nostud9, nohfz9, perc9a, perc9b, perc9c, chrtnum) VALUES (?, ?, ?, ?, ?, ?, ?, ?, ?, ?, ?, ?, ?, ?, ?, ?, ?, ?, ?, ?, ?, ?, ?, ?, ?)'] [parameters: ((2174072, 2, 11, 1, 4, 19, 64436, 0, u'Trunk Extension Strength', u'656', u'616', u'93.9', u'6.1', u'0.0', u'654', u'649', u'99.2', u'0.8', u'0.0', u'728', u'717', u'98.5', u'1.5', u'0.0', u'0000'), (2174073, 2, 11, 1, 5, 19, 64436, 0, u'Upper Body Strength', u'656', u'442', u'67.4', u'32.6', u'0.0', u'654', u'542', u'82.9', u'17.1', u'0.0', u'728', u'635', u'87.2', u'12.8', u'0.0', u'0000'), (2174074, 2, 11, 1, 6, 19, 64436, 0, u'Flexibility', u'656', u'484', u'73.8', u'26.2', u'0.0', u'654', u'595', u'91.0', u'9.0', u'0.0', u'728', u'642', u'88.2', u'11.8', u'0.0', u'0000'), (2173831, 2, 11, 1, 1, 19, 64394, 0, u'Aerobic Capacity', u'193', u'121', u'62.7', u'30.1', u'7.2', u'172', u'102', u'59.3', u'26.2', u'14.5', u'199', u'130', u'65.3', u'21.1', u'13.6', u'0000'), (2173832, 2, 11, 1, 2, 19, 64394, 0, u'Body Composition', u'193', u'103', u'53.4', u'11.9', u'34.7', u'172', u'89', u'51.7', u'15.1', u'33.2', u'199', u'111', u'55.8', u'10.6', u'33.6', u'0000'), (2173833, 2, 11, 1, 3, 19, 64394, 0, u'Abdominal Strength', u'193', u'184', u'95.3', u'4.7', u'0.0', u'172', u'160', u'93.0', u'7.0', u'0.0', u'199', u'186', u'93.5', u'6.5', u'0.0', u'0000'), (2173834, 2, 11, 1, 4, 19, 64394, 0, u'Trunk Extension Strength', u'193', u'184', u'95.3', u'4.7', u'0.0', u'172', u'168', u'97.7', u'2.3', u'0.0', u'199', u'195', u'98.0', u'2.0', u'0.0', u'0000'), (2173835, 2, 11, 1, 5, 19, 64394, 0, u'Upper Body Strength', u'193', u'174', u'90.2', u'9.8', u'0.0', u'172', u'142', u'82.6', u'17.4', u'0.0', u'199', u'159', u'79.9', u'20.1', u'0.0', u'0000')  ... displaying 10 of 50000 total bound parameter sets ...  (1149072, 1, 0, 2, 4, 33, 67116, 110601, u'Body Composition 2010', u'108', u'103', u'95.4', u'4.6', u'0.0', u'0', u'0', u'0.0', u'0.0', u'0.0', u'0', u'0', u'0.0', u'0.0', u'0.0', u'0000'), (1149303, 1, 0, 2, 1, 33, 67116, 116749, u'Aerobic Capacity 2011', u'146', u'117', u'80.1', u'13.7', u'6.2', u'0', u'0', u'0.0', u'0.0', u'0.0', u'0', u'0', u'0.0', u'0.0', u'0.0', u'0000'))]
INFO cde.ca.gov-ethnicity_gender Updating schema column length physfit11.id None -> 7
INFO cde.ca.gov-ethnicity_gender Updating schema column length physfit11.level_number None -> 1
INFO cde.ca.gov-ethnicity_gender Updating schema column length physfit11.report_number None -> 2
INFO cde.ca.gov-ethnicity_gender Updating schema column length physfit11.table_number None -> 1
INFO cde.ca.gov-ethnicity_gender Updating schema column length physfit11.line_number None -> 1
INFO cde.ca.gov-ethnicity_gender Updating schema column length physfit11.co None -> 2
INFO cde.ca.gov-ethnicity_gender Updating schema column length physfit11.dist None -> 5
INFO cde.ca.gov-ethnicity_gender Updating schema column length physfit11.schl None -> 7
INFO cde.ca.gov-ethnicity_gender Updating schema column length physfit11.nohfz5 3 -> 6
INFO cde.ca.gov-ethnicity_gender Updating schema column length physfit11.perc5c 4 -> 5
ERROR: cde.ca.gov-ethnicity_gender: Phase build failed: (pysqlite2.dbapi2.IntegrityError) UNIQUE constraint failed: physfit11.id [SQL: u'INSERT INTO physfit11 (id, level_number, report_number, table_number, line_number, co, dist, schl, line_text, nostud5, nohfz5, perc5a, perc5b, perc5c, nostud7, nohfz7, perc7a, perc7b, perc7c, nostud9, nohfz9, perc9a, perc9b, perc9c, chrtnum) VALUES (?, ?, ?, ?, ?, ?, ?, ?, ?, ?, ?, ?, ?, ?, ?, ?, ?, ?, ?, ?, ?, ?, ?, ?, ?)'] [parameters: ((2174072, 2, 11, 1, 4, 19, 64436, 0, u'Trunk Extension Strength', u'656', u'616', u'93.9', u'6.1', u'0.0', u'654', u'649', u'99.2', u'0.8', u'0.0', u'728', u'717', u'98.5', u'1.5', u'0.0', u'0000'), (2174073, 2, 11, 1, 5, 19, 64436, 0, u'Upper Body Strength', u'656', u'442', u'67.4', u'32.6', u'0.0', u'654', u'542', u'82.9', u'17.1', u'0.0', u'728', u'635', u'87.2', u'12.8', u'0.0', u'0000'), (2174074, 2, 11, 1, 6, 19, 64436, 0, u'Flexibility', u'656', u'484', u'73.8', u'26.2', u'0.0', u'654', u'595', u'91.0', u'9.0', u'0.0', u'728', u'642', u'88.2', u'11.8', u'0.0', u'0000'), (2173831, 2, 11, 1, 1, 19, 64394, 0, u'Aerobic Capacity', u'193', u'121', u'62.7', u'30.1', u'7.2', u'172', u'102', u'59.3', u'26.2', u'14.5', u'199', u'130', u'65.3', u'21.1', u'13.6', u'0000'), (2173832, 2, 11, 1, 2, 19, 64394, 0, u'Body Composition', u'193', u'103', u'53.4', u'11.9', u'34.7', u'172', u'89', u'51.7', u'15.1', u'33.2', u'199', u'111', u'55.8', u'10.6', u'33.6', u'0000'), (2173833, 2, 11, 1, 3, 19, 64394, 0, u'Abdominal Strength', u'193', u'184', u'95.3', u'4.7', u'0.0', u'172', u'160', u'93.0', u'7.0', u'0.0', u'199', u'186', u'93.5', u'6.5', u'0.0', u'0000'), (2173834, 2, 11, 1, 4, 19, 64394, 0, u'Trunk Extension Strength', u'193', u'184', u'95.3', u'4.7', u'0.0', u'172', u'168', u'97.7', u'2.3', u'0.0', u'199', u'195', u'98.0', u'2.0', u'0.0', u'0000'), (2173835, 2, 11, 1, 5, 19, 64394, 0, u'Upper Body Strength', u'193', u'174', u'90.2', u'9.8', u'0.0', u'172', u'142', u'82.6', u'17.4', u'0.0', u'199', u'159', u'79.9', u'20.1', u'0.0', u'0000')  ... displaying 10 of 50000 total bound parameter sets ...  (1149072, 1, 0, 2, 4, 33, 67116, 110601, u'Body Composition 2010', u'108', u'103', u'95.4', u'4.6', u'0.0', u'0', u'0', u'0.0', u'0.0', u'0.0', u'0', u'0', u'0.0', u'0.0', u'0.0', u'0000'), (1149303, 1, 0, 2, 1, 33, 67116, 116749, u'Aerobic Capacity 2011', u'146', u'117', u'80.1', u'13.7', u'6.2', u'0', u'0', u'0.0', u'0.0', u'0.0', u'0', u'0', u'0.0', u'0.0', u'0.0', u'0000'))]
WARNING:  ==== WARNINGS ===
WARNING: Header column 'Level_Number' not in table subgroup14 for  source subgroup14
WARNING: Header column 'Report_Number' not in table subgroup14 for  source subgroup14
WARNING: Header column 'Table_Number' not in table subgroup14 for  source subgroup14
WARNING: Header column 'Line_Number' not in table subgroup14 for  source subgroup14
WARNING: Header column 'Line_Text' not in table subgroup14 for  source subgroup14
WARNING: Header column 'Table_Type' not in table subgroup14 for  source subgroup14
WARNING: Header column 'Subgroup' not in table subgroup14 for  source subgroup14
WARNING: Header column 'Level_Number' not in table subgroup12 for  source subgroup12
WARNING: Header column 'Report_Number' not in table subgroup12 for  source subgroup12
WARNING: Header column 'Table_Number' not in table subgroup12 for  source subgroup12
WARNING: Header column 'Line_Number' not in table subgroup12 for  source subgroup12
WARNING: Header column 'Line_Text' not in table subgroup12 for  source subgroup12
WARNING: Header column 'Table_Type' not in table subgroup12 for  source subgroup12
WARNING: Header column 'Subgroup' not in table subgroup12 for  source subgroup12
WARNING: Header column 'Level_Number' not in table subgroup13 for  source subgroup13
WARNING: Header column 'Report_Number' not in table subgroup13 for  source subgroup13
WARNING: Header column 'Table_Number' not in table subgroup13 for  source subgroup13
WARNING: Header column 'Line_Number' not in table subgroup13 for  source subgroup13
WARNING: Header column 'Line_Text' not in table subgroup13 for  source subgroup13
WARNING: Header column 'Table_Type' not in table subgroup13 for  source subgroup13
WARNING: Header column 'Subgroup' not in table subgroup13 for  source subgroup13
WARNING: Header column 'SubGrp' not in table subgroup10 for  source subgroup10
WARNING: Header column 'RptType' not in table subgroup10 for  source subgroup10
WARNING: Header column 'LineNum' not in table subgroup10 for  source subgroup10
WARNING: Header column 'SubGroup' not in table subgroup10 for  source subgroup10
WARNING: Header column 'ReportType' not in table subgroup10 for  source subgroup10
WARNING: Header column 'Level_Number' not in table subgroup11 for  source subgroup11
WARNING: Header column 'Report_Number' not in table subgroup11 for  source subgroup11
WARNING: Header column 'Table_Number' not in table subgroup11 for  source subgroup11
WARNING: Header column 'Line_Number' not in table subgroup11 for  source subgroup11
WARNING: Header column 'Line_Text' not in table subgroup11 for  source subgroup11
WARNING: Header column 'Table_Type' not in table subgroup11 for  source subgroup11
WARNING: Header column 'Subgroup' not in table subgroup11 for  source subgroup11
WARNING: Header column 'Ccode' not in table entities07 for  source entities07
WARNING: Header column 'Dcode' not in table entities07 for  source entities07
WARNING: Header column 'CharterNum' not in table entities07 for  source entities07
WARNING: Header column 'Scode' not in table entities07 for  source entities07
WARNING: Header column 'County' not in table entities07 for  source entities07
WARNING: Header column 'District' not in table entities07 for  source entities07
WARNING: Header column 'School' not in table entities07 for  source entities07
WARNING: Header column 'Ccode' not in table entities06 for  source entities06
WARNING: Header column 'Dcode' not in table entities06 for  source entities06
WARNING: Header column 'CharterNum' not in table entities06 for  source entities06
WARNING: Header column 'Scode' not in table entities06 for  source entities06
WARNING: Header column 'County' not in table entities06 for  source entities06
WARNING: Header column 'District' not in table entities06 for  source entities06
WARNING: Header column 'School' not in table entities06 for  source entities06
WARNING: Header column 'Level_Number' not in table physfit13 for  source physfit13
WARNING: Header column 'Report_Number' not in table physfit13 for  source physfit13
WARNING: Header column 'Table_Number' not in table physfit13 for  source physfit13
WARNING: Header column 'Line_Number' not in table physfit13 for  source physfit13
WARNING: Header column 'CO' not in table physfit13 for  source physfit13
WARNING: Header column 'DIST' not in table physfit13 for  source physfit13
WARNING: Header column 'SCHL' not in table physfit13 for  source physfit13
WARNING: Header column 'Line_Text' not in table physfit13 for  source physfit13
WARNING: Header column 'NoStud5' not in table physfit13 for  source physfit13
WARNING: Header column 'NoHFZ5' not in table physfit13 for  source physfit13
WARNING: Header column 'Perc5a' not in table physfit13 for  source physfit13
WARNING: Header column 'Perc5b' not in table physfit13 for  source physfit13
WARNING: Header column 'Perc5c' not in table physfit13 for  source physfit13
WARNING: Header column 'NoStud7' not in table physfit13 for  source physfit13
WARNING: Header column 'NoHFZ7' not in table physfit13 for  source physfit13
WARNING: Header column 'Perc7a' not in table physfit13 for  source physfit13
WARNING: Header column 'Perc7b' not in table physfit13 for  source physfit13
WARNING: Header column 'Perc7c' not in table physfit13 for  source physfit13
WARNING: Header column 'NoStud9' not in table physfit13 for  source physfit13
WARNING: Header column 'NoHFZ9' not in table physfit13 for  source physfit13
WARNING: Header column 'Perc9a' not in table physfit13 for  source physfit13
WARNING: Header column 'Perc9b' not in table physfit13 for  source physfit13
WARNING: Header column 'Perc9c' not in table physfit13 for  source physfit13
WARNING: Header column 'ChrtNum' not in table physfit13 for  source physfit13
WARNING: Header column 'Level_Number' not in table physfit12 for  source physfit12
WARNING: Header column 'Report_Number' not in table physfit12 for  source physfit12
WARNING: Header column 'Table_Number' not in table physfit12 for  source physfit12
WARNING: Header column 'Line_Number' not in table physfit12 for  source physfit12
WARNING: Header column 'CO' not in table physfit12 for  source physfit12
WARNING: Header column 'DIST' not in table physfit12 for  source physfit12
WARNING: Header column 'SCHL' not in table physfit12 for  source physfit12
WARNING: Header column 'Line_Text' not in table physfit12 for  source physfit12
WARNING: Header column 'NoStud5' not in table physfit12 for  source physfit12
WARNING: Header column 'NoHFZ5' not in table physfit12 for  source physfit12
WARNING: Header column 'Perc5a' not in table physfit12 for  source physfit12
WARNING: Header column 'Perc5b' not in table physfit12 for  source physfit12
WARNING: Header column 'Perc5c' not in table physfit12 for  source physfit12
WARNING: Header column 'NoStud7' not in table physfit12 for  source physfit12
WARNING: Header column 'NoHFZ7' not in table physfit12 for  source physfit12
WARNING: Header column 'Perc7a' not in table physfit12 for  source physfit12
WARNING: Header column 'Perc7b' not in table physfit12 for  source physfit12
WARNING: Header column 'Perc7c' not in table physfit12 for  source physfit12
WARNING: Header column 'NoStud9' not in table physfit12 for  source physfit12
WARNING: Header column 'NoHFZ9' not in table physfit12 for  source physfit12
WARNING: Header column 'Perc9a' not in table physfit12 for  source physfit12
WARNING: Header column 'Perc9b' not in table physfit12 for  source physfit12
WARNING: Header column 'Perc9c' not in table physfit12 for  source physfit12
WARNING: Header column 'ChrtNum' not in table physfit12 for  source physfit12
WARNING: Header column 'ID' not in table physfit11 for  source physfit11
WARNING: Header column 'Level_Number' not in table physfit11 for  source physfit11
WARNING: Header column 'Report_Number' not in table physfit11 for  source physfit11
WARNING: Header column 'Table_Number' not in table physfit11 for  source physfit11
WARNING: Header column 'Line_Number' not in table physfit11 for  source physfit11
WARNING: Header column 'CO' not in table physfit11 for  source physfit11
WARNING: Header column 'DIST' not in table physfit11 for  source physfit11
WARNING: Header column 'SCHL' not in table physfit11 for  source physfit11
WARNING: Header column 'Line_Text' not in table physfit11 for  source physfit11
WARNING: Header column 'NoStud5' not in table physfit11 for  source physfit11
WARNING: Header column 'NoHFZ5' not in table physfit11 for  source physfit11
WARNING: Header column 'Perc5a' not in table physfit11 for  source physfit11
WARNING: Header column 'Perc5b' not in table physfit11 for  source physfit11
WARNING: Header column 'Perc5c' not in table physfit11 for  source physfit11
WARNING: Header column 'NoStud7' not in table physfit11 for  source physfit11
WARNING: Header column 'NoHFZ7' not in table physfit11 for  source physfit11
WARNING: Header column 'Perc7a' not in table physfit11 for  source physfit11
WARNING: Header column 'Perc7b' not in table physfit11 for  source physfit11
WARNING: Header column 'Perc7c' not in table physfit11 for  source physfit11
WARNING: Header column 'NoStud9' not in table physfit11 for  source physfit11
WARNING: Header column 'NoHFZ9' not in table physfit11 for  source physfit11
WARNING: Header column 'Perc9a' not in table physfit11 for  source physfit11
WARNING: Header column 'Perc9b' not in table physfit11 for  source physfit11
WARNING: Header column 'Perc9c' not in table physfit11 for  source physfit11
WARNING: Header column 'ChrtNum' not in table physfit11 for  source physfit11
ERROR:  ==== ERRORS ===
ERROR: Insert exception: (pysqlite2.dbapi2.IntegrityError) UNIQUE constraint failed: physfit11.id [SQL: u'INSERT INTO physfit11 (id, level_number, report_number, table_number, line_number, co, dist, schl, line_text, nostud5, nohfz5, perc5a, perc5b, perc5c, nostud7, nohfz7, perc7a, perc7b, perc7c, nostud9, nohfz9, perc9a, perc9b, perc9c, chrtnum) VALUES (?, ?, ?, ?, ?, ?, ?, ?, ?, ?, ?, ?, ?, ?, ?, ?, ?, ?, ?, ?, ?, ?, ?, ?, ?)'] [parameters: ((2174072, 2, 11, 1, 4, 19, 64436, 0, u'Trunk Extension Strength', u'656', u'616', u'93.9', u'6.1', u'0.0', u'654', u'649', u'99.2', u'0.8', u'0.0', u'728', u'717', u'98.5', u'1.5', u'0.0', u'0000'), (2174073, 2, 11, 1, 5, 19, 64436, 0, u'Upper Body Strength', u'656', u'442', u'67.4', u'32.6', u'0.0', u'654', u'542', u'82.9', u'17.1', u'0.0', u'728', u'635', u'87.2', u'12.8', u'0.0', u'0000'), (2174074, 2, 11, 1, 6, 19, 64436, 0, u'Flexibility', u'656', u'484', u'73.8', u'26.2', u'0.0', u'654', u'595', u'91.0', u'9.0', u'0.0', u'728', u'642', u'88.2', u'11.8', u'0.0', u'0000'), (2173831, 2, 11, 1, 1, 19, 64394, 0, u'Aerobic Capacity', u'193', u'121', u'62.7', u'30.1', u'7.2', u'172', u'102', u'59.3', u'26.2', u'14.5', u'199', u'130', u'65.3', u'21.1', u'13.6', u'0000'), (2173832, 2, 11, 1, 2, 19, 64394, 0, u'Body Composition', u'193', u'103', u'53.4', u'11.9', u'34.7', u'172', u'89', u'51.7', u'15.1', u'33.2', u'199', u'111', u'55.8', u'10.6', u'33.6', u'0000'), (2173833, 2, 11, 1, 3, 19, 64394, 0, u'Abdominal Strength', u'193', u'184', u'95.3', u'4.7', u'0.0', u'172', u'160', u'93.0', u'7.0', u'0.0', u'199', u'186', u'93.5', u'6.5', u'0.0', u'0000'), (2173834, 2, 11, 1, 4, 19, 64394, 0, u'Trunk Extension Strength', u'193', u'184', u'95.3', u'4.7', u'0.0', u'172', u'168', u'97.7', u'2.3', u'0.0', u'199', u'195', u'98.0', u'2.0', u'0.0', u'0000'), (2173835, 2, 11, 1, 5, 19, 64394, 0, u'Upper Body Strength', u'193', u'174', u'90.2', u'9.8', u'0.0', u'172', u'142', u'82.6', u'17.4', u'0.0', u'199', u'159', u'79.9', u'20.1', u'0.0', u'0000')  ... displaying 10 of 50000 total bound parameter sets ...  (1149072, 1, 0, 2, 4, 33, 67116, 110601, u'Body Composition 2010', u'108', u'103', u'95.4', u'4.6', u'0.0', u'0', u'0', u'0.0', u'0.0', u'0.0', u'0', u'0', u'0.0', u'0.0', u'0.0', u'0000'), (1149303, 1, 0, 2, 1, 33, 67116, 116749, u'Aerobic Capacity 2011', u'146', u'117', u'80.1', u'13.7', u'6.2', u'0', u'0', u'0.0', u'0.0', u'0.0', u'0', u'0', u'0.0', u'0.0', u'0.0', u'0000'))]
ERROR: Got exception while exiting inserter context: <class 'sqlalchemy.exc.IntegrityError'>: (pysqlite2.dbapi2.IntegrityError) UNIQUE constraint failed: physfit11.id [SQL: u'INSERT INTO physfit11 (id, level_number, report_number, table_number, line_number, co, dist, schl, line_text, nostud5, nohfz5, perc5a, perc5b, perc5c, nostud7, nohfz7, perc7a, perc7b, perc7c, nostud9, nohfz9, perc9a, perc9b, perc9c, chrtnum) VALUES (?, ?, ?, ?, ?, ?, ?, ?, ?, ?, ?, ?, ?, ?, ?, ?, ?, ?, ?, ?, ?, ?, ?, ?, ?)'] [parameters: ((2174072, 2, 11, 1, 4, 19, 64436, 0, u'Trunk Extension Strength', u'656', u'616', u'93.9', u'6.1', u'0.0', u'654', u'649', u'99.2', u'0.8', u'0.0', u'728', u'717', u'98.5', u'1.5', u'0.0', u'0000'), (2174073, 2, 11, 1, 5, 19, 64436, 0, u'Upper Body Strength', u'656', u'442', u'67.4', u'32.6', u'0.0', u'654', u'542', u'82.9', u'17.1', u'0.0', u'728', u'635', u'87.2', u'12.8', u'0.0', u'0000'), (2174074, 2, 11, 1, 6, 19, 64436, 0, u'Flexibility', u'656', u'484', u'73.8', u'26.2', u'0.0', u'654', u'595', u'91.0', u'9.0', u'0.0', u'728', u'642', u'88.2', u'11.8', u'0.0', u'0000'), (2173831, 2, 11, 1, 1, 19, 64394, 0, u'Aerobic Capacity', u'193', u'121', u'62.7', u'30.1', u'7.2', u'172', u'102', u'59.3', u'26.2', u'14.5', u'199', u'130', u'65.3', u'21.1', u'13.6', u'0000'), (2173832, 2, 11, 1, 2, 19, 64394, 0, u'Body Composition', u'193', u'103', u'53.4', u'11.9', u'34.7', u'172', u'89', u'51.7', u'15.1', u'33.2', u'199', u'111', u'55.8', u'10.6', u'33.6', u'0000'), (2173833, 2, 11, 1, 3, 19, 64394, 0, u'Abdominal Strength', u'193', u'184', u'95.3', u'4.7', u'0.0', u'172', u'160', u'93.0', u'7.0', u'0.0', u'199', u'186', u'93.5', u'6.5', u'0.0', u'0000'), (2173834, 2, 11, 1, 4, 19, 64394, 0, u'Trunk Extension Strength', u'193', u'184', u'95.3', u'4.7', u'0.0', u'172', u'168', u'97.7', u'2.3', u'0.0', u'199', u'195', u'98.0', u'2.0', u'0.0', u'0000'), (2173835, 2, 11, 1, 5, 19, 64394, 0, u'Upper Body Strength', u'193', u'174', u'90.2', u'9.8', u'0.0', u'172', u'142', u'82.6', u'17.4', u'0.0', u'199', u'159', u'79.9', u'20.1', u'0.0', u'0000')  ... displaying 10 of 50000 total bound parameter sets ...  (1149072, 1, 0, 2, 4, 33, 67116, 110601, u'Body Composition 2010', u'108', u'103', u'95.4', u'4.6', u'0.0', u'0', u'0', u'0.0', u'0.0', u'0.0', u'0', u'0', u'0.0', u'0.0', u'0.0', u'0000'), (1149303, 1, 0, 2, 1, 33, 67116, 116749, u'Aerobic Capacity 2011', u'146', u'117', u'80.1', u'13.7', u'6.2', u'0', u'0', u'0.0', u'0.0', u'0.0', u'0', u'0', u'0.0', u'0.0', u'0.0', u'0000'))]
